#! /usr/bin/vvp
:ivl_version "10.3 (stable)";
:ivl_delay_selection "TYPICAL";
:vpi_time_precision + 0;
:vpi_module "system";
:vpi_module "vhdl_sys";
:vpi_module "v2005_math";
:vpi_module "va_math";
S_0x5644da945600 .scope module, "cpu_tb" "cpu_tb" 2 1;
 .timescale 0 0;
v0x5644da989a40_0 .var "clk", 0 0;
v0x5644da989ae0_0 .var "count", 3 0;
v0x5644da989ba0_0 .var/i "fd", 31 0;
v0x5644da989c60_0 .var "test_prog", 47 0;
v0x5644da989d40 .array "test_prog1", 4 0, 15 0;
v0x5644da989d40_0 .array/port v0x5644da989d40, 0;
v0x5644da989d40_1 .array/port v0x5644da989d40, 1;
v0x5644da989d40_2 .array/port v0x5644da989d40, 2;
v0x5644da989d40_3 .array/port v0x5644da989d40, 3;
LS_0x5644da99a280_0_0 .concat [ 16 16 16 16], v0x5644da989d40_0, v0x5644da989d40_1, v0x5644da989d40_2, v0x5644da989d40_3;
v0x5644da989d40_4 .array/port v0x5644da989d40, 4;
LS_0x5644da99a280_0_4 .concat [ 16 0 0 0], v0x5644da989d40_4;
L_0x5644da99a280 .concat [ 64 16 0 0], LS_0x5644da99a280_0_0, LS_0x5644da99a280_0_4;
S_0x5644da94db30 .scope module, "cpu_uut" "cpu" 2 33, 3 1 0, S_0x5644da945600;
 .timescale 0 0;
    .port_info 0 /INPUT 1 "clk"
    .port_info 1 /INPUT 80 "i_instructions"
P_0x5644da9517b0 .param/l "SIZE" 0 3 3, +C4<00000000000000000000000001010000>;
L_0x5644da94e6f0 .functor AND 1, v0x5644da989a40_0, L_0x5644da99a070, C4<1>, C4<1>;
v0x5644da94dd00_0 .net *"_s1", 31 0, L_0x5644da989ef0;  1 drivers
L_0x7f256b532018 .functor BUFT 1, C4<0000000000000000000000000000000>, C4<0>, C4<0>, C4<0>;
v0x5644da988650_0 .net *"_s4", 30 0, L_0x7f256b532018;  1 drivers
L_0x7f256b532060 .functor BUFT 1, C4<00000000000000000000000000000001>, C4<0>, C4<0>, C4<0>;
v0x5644da988730_0 .net/2u *"_s5", 31 0, L_0x7f256b532060;  1 drivers
v0x5644da9887f0_0 .net *"_s7", 0 0, L_0x5644da99a070;  1 drivers
v0x5644da9888b0_0 .net *"_s9", 0 0, L_0x5644da94e6f0;  1 drivers
v0x5644da9889c0_0 .net "clk", 0 0, v0x5644da989a40_0;  1 drivers
v0x5644da988a80_0 .var "curr_instr", 15 0;
v0x5644da988b60_0 .var "dst_reg", 2 0;
v0x5644da988c40_0 .var/i "dst_start", 31 0;
v0x5644da988d20_0 .var/i "i", 31 0;
v0x5644da988e00_0 .net "i_instructions", 79 0, L_0x5644da99a280;  1 drivers
v0x5644da988ee0_0 .var "imm_value", 4 0;
v0x5644da988fc0_0 .var "instructions", 79 0;
v0x5644da9890a0_0 .var/i "j", 31 0;
v0x5644da989180_0 .var "opcode", 3 0;
v0x5644da989260_0 .var "pc", 31 0;
v0x5644da989340_0 .var "registers", 127 0;
v0x5644da989420_0 .var "running", 0 0;
v0x5644da9894e0_0 .var/i "src2_start", 31 0;
v0x5644da9895c0_0 .var "src_reg", 2 0;
v0x5644da9896a0_0 .var "src_reg2", 2 0;
v0x5644da989780_0 .var/i "src_start", 31 0;
E_0x5644da920ac0 .event posedge, L_0x5644da94e6f0;
L_0x5644da989ef0 .concat [ 1 31 0 0], v0x5644da989420_0, L_0x7f256b532018;
L_0x5644da99a070 .cmp/eq 32, L_0x5644da989ef0, L_0x7f256b532060;
S_0x5644da9898c0 .scope begin, "main_block" "main_block" 2 25, 2 25 0, S_0x5644da945600;
 .timescale 0 0;
    .scope S_0x5644da94db30;
T_0 ;
    %pushi/vec4 0, 0, 32;
    %store/vec4 v0x5644da989260_0, 0, 32;
    %pushi/vec4 0, 0, 16;
    %store/vec4 v0x5644da988a80_0, 0, 16;
    %pushi/vec4 1, 0, 1;
    %store/vec4 v0x5644da989420_0, 0, 1;
    %pushi/vec4 15, 0, 32;
    %store/vec4 v0x5644da988d20_0, 0, 32;
    %pushi/vec4 0, 0, 32;
    %store/vec4 v0x5644da989780_0, 0, 32;
    %pushi/vec4 0, 0, 32;
    %store/vec4 v0x5644da988c40_0, 0, 32;
    %pushi/vec4 0, 0, 32;
    %store/vec4 v0x5644da9894e0_0, 0, 32;
    %end;
    .thread T_0;
    .scope S_0x5644da94db30;
T_1 ;
    %load/vec4 v0x5644da988e00_0;
    %cassign/vec4 v0x5644da988fc0_0;
    %cassign/link v0x5644da988fc0_0, v0x5644da988e00_0;
    %vpi_call 3 21 "$display", "%d", v0x5644da988fc0_0 {0 0 0};
    %pushi/vec4 0, 0, 128;
    %store/vec4 v0x5644da989340_0, 0, 128;
    %pushi/vec4 0, 0, 5;
    %store/vec4 v0x5644da988ee0_0, 0, 5;
    %pushi/vec4 0, 0, 32;
    %store/vec4 v0x5644da9890a0_0, 0, 32;
    %end;
    .thread T_1;
    .scope S_0x5644da94db30;
T_2 ;
    %wait E_0x5644da920ac0;
    %load/vec4 v0x5644da988e00_0;
    %load/vec4 v0x5644da988d20_0;
    %pad/s 34;
    %subi 15, 0, 34;
    %part/s 16;
    %store/vec4 v0x5644da988a80_0, 0, 16;
    %load/vec4 v0x5644da988a80_0;
    %parti/s 4, 12, 5;
    %store/vec4 v0x5644da989180_0, 0, 4;
    %load/vec4 v0x5644da988a80_0;
    %parti/s 3, 9, 5;
    %store/vec4 v0x5644da988b60_0, 0, 3;
    %load/vec4 v0x5644da988a80_0;
    %parti/s 3, 6, 4;
    %store/vec4 v0x5644da9895c0_0, 0, 3;
    %load/vec4 v0x5644da989180_0;
    %cmpi/e 15, 0, 4;
    %jmp/0xz  T_2.0, 4;
    %pushi/vec4 0, 0, 1;
    %store/vec4 v0x5644da989420_0, 0, 1;
    %vpi_call 3 37 "$display", "HALT" {0 0 0};
T_2.0 ;
    %load/vec4 v0x5644da988b60_0;
    %dup/vec4;
    %pushi/vec4 0, 0, 3;
    %cmp/u;
    %jmp/1 T_2.2, 6;
    %dup/vec4;
    %pushi/vec4 1, 0, 3;
    %cmp/u;
    %jmp/1 T_2.3, 6;
    %dup/vec4;
    %pushi/vec4 2, 0, 3;
    %cmp/u;
    %jmp/1 T_2.4, 6;
    %dup/vec4;
    %pushi/vec4 3, 0, 3;
    %cmp/u;
    %jmp/1 T_2.5, 6;
    %dup/vec4;
    %pushi/vec4 4, 0, 3;
    %cmp/u;
    %jmp/1 T_2.6, 6;
    %dup/vec4;
    %pushi/vec4 5, 0, 3;
    %cmp/u;
    %jmp/1 T_2.7, 6;
    %dup/vec4;
    %pushi/vec4 6, 0, 3;
    %cmp/u;
    %jmp/1 T_2.8, 6;
    %dup/vec4;
    %pushi/vec4 7, 0, 3;
    %cmp/u;
    %jmp/1 T_2.9, 6;
    %pushi/vec4 0, 0, 32;
    %store/vec4 v0x5644da988c40_0, 0, 32;
    %jmp T_2.11;
T_2.2 ;
    %pushi/vec4 15, 0, 32;
    %store/vec4 v0x5644da988c40_0, 0, 32;
    %jmp T_2.11;
T_2.3 ;
    %pushi/vec4 31, 0, 32;
    %store/vec4 v0x5644da988c40_0, 0, 32;
    %jmp T_2.11;
T_2.4 ;
    %pushi/vec4 47, 0, 32;
    %store/vec4 v0x5644da988c40_0, 0, 32;
    %jmp T_2.11;
T_2.5 ;
    %pushi/vec4 63, 0, 32;
    %store/vec4 v0x5644da988c40_0, 0, 32;
    %jmp T_2.11;
T_2.6 ;
    %pushi/vec4 79, 0, 32;
    %store/vec4 v0x5644da988c40_0, 0, 32;
    %jmp T_2.11;
T_2.7 ;
    %pushi/vec4 95, 0, 32;
    %store/vec4 v0x5644da988c40_0, 0, 32;
    %jmp T_2.11;
T_2.8 ;
    %pushi/vec4 111, 0, 32;
    %store/vec4 v0x5644da988c40_0, 0, 32;
    %jmp T_2.11;
T_2.9 ;
    %pushi/vec4 127, 0, 32;
    %store/vec4 v0x5644da988c40_0, 0, 32;
    %jmp T_2.11;
T_2.11 ;
    %pop/vec4 1;
    %load/vec4 v0x5644da9895c0_0;
    %dup/vec4;
    %pushi/vec4 0, 0, 3;
    %cmp/u;
    %jmp/1 T_2.12, 6;
    %dup/vec4;
    %pushi/vec4 1, 0, 3;
    %cmp/u;
    %jmp/1 T_2.13, 6;
    %dup/vec4;
    %pushi/vec4 2, 0, 3;
    %cmp/u;
    %jmp/1 T_2.14, 6;
    %dup/vec4;
    %pushi/vec4 3, 0, 3;
    %cmp/u;
    %jmp/1 T_2.15, 6;
    %dup/vec4;
    %pushi/vec4 4, 0, 3;
    %cmp/u;
    %jmp/1 T_2.16, 6;
    %dup/vec4;
    %pushi/vec4 5, 0, 3;
    %cmp/u;
    %jmp/1 T_2.17, 6;
    %dup/vec4;
    %pushi/vec4 6, 0, 3;
    %cmp/u;
    %jmp/1 T_2.18, 6;
    %dup/vec4;
    %pushi/vec4 7, 0, 3;
    %cmp/u;
    %jmp/1 T_2.19, 6;
    %pushi/vec4 0, 0, 32;
    %store/vec4 v0x5644da989780_0, 0, 32;
    %jmp T_2.21;
T_2.12 ;
    %pushi/vec4 15, 0, 32;
    %store/vec4 v0x5644da989780_0, 0, 32;
    %jmp T_2.21;
T_2.13 ;
    %pushi/vec4 31, 0, 32;
    %store/vec4 v0x5644da989780_0, 0, 32;
    %jmp T_2.21;
T_2.14 ;
    %pushi/vec4 47, 0, 32;
    %store/vec4 v0x5644da989780_0, 0, 32;
    %jmp T_2.21;
T_2.15 ;
    %pushi/vec4 63, 0, 32;
    %store/vec4 v0x5644da989780_0, 0, 32;
    %jmp T_2.21;
T_2.16 ;
    %pushi/vec4 79, 0, 32;
    %store/vec4 v0x5644da989780_0, 0, 32;
    %jmp T_2.21;
T_2.17 ;
    %pushi/vec4 95, 0, 32;
    %store/vec4 v0x5644da989780_0, 0, 32;
    %jmp T_2.21;
T_2.18 ;
    %pushi/vec4 111, 0, 32;
    %store/vec4 v0x5644da989780_0, 0, 32;
    %jmp T_2.21;
T_2.19 ;
    %pushi/vec4 127, 0, 32;
    %store/vec4 v0x5644da989780_0, 0, 32;
    %jmp T_2.21;
T_2.21 ;
    %pop/vec4 1;
    %load/vec4 v0x5644da989180_0;
    %cmpi/e 1, 0, 4;
    %jmp/0xz  T_2.22, 4;
    %load/vec4 v0x5644da988a80_0;
    %parti/s 1, 5, 4;
    %cmpi/e 1, 0, 1;
    %jmp/0xz  T_2.24, 4;
    %load/vec4 v0x5644da988a80_0;
    %parti/s 5, 0, 2;
    %store/vec4 v0x5644da988ee0_0, 0, 5;
    %vpi_call 3 66 "$display", "ADD r%-d r%-d #%-d", v0x5644da988b60_0, v0x5644da9895c0_0, v0x5644da988ee0_0 {0 0 0};
    %load/vec4 v0x5644da989340_0;
    %load/vec4 v0x5644da988c40_0;
    %pad/s 34;
    %subi 15, 0, 34;
    %part/s 16;
    %load/vec4 v0x5644da989340_0;
    %load/vec4 v0x5644da989780_0;
    %pad/s 34;
    %subi 15, 0, 34;
    %part/s 16;
    %vpi_call 3 67 "$display", "DST: %-d SRC: %-d", S<1,vec4,u16>, S<0,vec4,u16> {2 0 0};
    %load/vec4 v0x5644da989340_0;
    %load/vec4 v0x5644da989780_0;
    %pad/s 34;
    %subi 15, 0, 34;
    %part/s 16;
    %load/vec4 v0x5644da988ee0_0;
    %pad/u 16;
    %add;
    %load/vec4 v0x5644da988c40_0;
    %pad/s 34;
    %subi 15, 0, 34;
    %ix/vec4/s 4;
    %store/vec4 v0x5644da989340_0, 4, 16;
    %load/vec4 v0x5644da989340_0;
    %load/vec4 v0x5644da988c40_0;
    %pad/s 34;
    %subi 15, 0, 34;
    %part/s 16;
    %load/vec4 v0x5644da989340_0;
    %load/vec4 v0x5644da989780_0;
    %pad/s 34;
    %subi 15, 0, 34;
    %part/s 16;
    %vpi_call 3 69 "$display", "DST: %-d SRC: %-d", S<1,vec4,u16>, S<0,vec4,u16> {2 0 0};
T_2.24 ;
    %load/vec4 v0x5644da988a80_0;
    %parti/s 1, 5, 4;
    %cmpi/ne 1, 0, 1;
    %jmp/0xz  T_2.26, 4;
    %load/vec4 v0x5644da988a80_0;
    %parti/s 3, 0, 2;
    %store/vec4 v0x5644da9896a0_0, 0, 3;
    %load/vec4 v0x5644da9896a0_0;
    %dup/vec4;
    %pushi/vec4 0, 0, 3;
    %cmp/u;
    %jmp/1 T_2.28, 6;
    %dup/vec4;
    %pushi/vec4 1, 0, 3;
    %cmp/u;
    %jmp/1 T_2.29, 6;
    %dup/vec4;
    %pushi/vec4 2, 0, 3;
    %cmp/u;
    %jmp/1 T_2.30, 6;
    %dup/vec4;
    %pushi/vec4 3, 0, 3;
    %cmp/u;
    %jmp/1 T_2.31, 6;
    %dup/vec4;
    %pushi/vec4 4, 0, 3;
    %cmp/u;
    %jmp/1 T_2.32, 6;
    %dup/vec4;
    %pushi/vec4 5, 0, 3;
    %cmp/u;
    %jmp/1 T_2.33, 6;
    %dup/vec4;
    %pushi/vec4 6, 0, 3;
    %cmp/u;
    %jmp/1 T_2.34, 6;
    %dup/vec4;
    %pushi/vec4 7, 0, 3;
    %cmp/u;
    %jmp/1 T_2.35, 6;
    %pushi/vec4 0, 0, 32;
    %store/vec4 v0x5644da9894e0_0, 0, 32;
    %jmp T_2.37;
T_2.28 ;
    %pushi/vec4 15, 0, 32;
    %store/vec4 v0x5644da9894e0_0, 0, 32;
    %jmp T_2.37;
T_2.29 ;
    %pushi/vec4 31, 0, 32;
    %store/vec4 v0x5644da9894e0_0, 0, 32;
    %jmp T_2.37;
T_2.30 ;
    %pushi/vec4 47, 0, 32;
    %store/vec4 v0x5644da9894e0_0, 0, 32;
    %jmp T_2.37;
T_2.31 ;
    %pushi/vec4 63, 0, 32;
    %store/vec4 v0x5644da9894e0_0, 0, 32;
    %jmp T_2.37;
T_2.32 ;
    %pushi/vec4 79, 0, 32;
    %store/vec4 v0x5644da9894e0_0, 0, 32;
    %jmp T_2.37;
T_2.33 ;
    %pushi/vec4 95, 0, 32;
    %store/vec4 v0x5644da9894e0_0, 0, 32;
    %jmp T_2.37;
T_2.34 ;
    %pushi/vec4 111, 0, 32;
    %store/vec4 v0x5644da9894e0_0, 0, 32;
    %jmp T_2.37;
T_2.35 ;
    %pushi/vec4 127, 0, 32;
    %store/vec4 v0x5644da9894e0_0, 0, 32;
    %jmp T_2.37;
T_2.37 ;
    %pop/vec4 1;
    %vpi_call 3 85 "$display", "ADD r%-d r%-d r%-1d", v0x5644da988b60_0, v0x5644da9895c0_0, v0x5644da9896a0_0 {0 0 0};
    %load/vec4 v0x5644da989340_0;
    %load/vec4 v0x5644da989780_0;
    %pad/s 34;
    %subi 15, 0, 34;
    %part/s 16;
    %load/vec4 v0x5644da989340_0;
    %load/vec4 v0x5644da9894e0_0;
    %pad/s 34;
    %subi 15, 0, 34;
    %part/s 16;
    %add;
    %load/vec4 v0x5644da988c40_0;
    %pad/s 34;
    %subi 15, 0, 34;
    %ix/vec4/s 4;
    %store/vec4 v0x5644da989340_0, 4, 16;
    %load/vec4 v0x5644da989340_0;
    %load/vec4 v0x5644da988c40_0;
    %pad/s 34;
    %subi 15, 0, 34;
    %part/s 16;
    %load/vec4 v0x5644da989340_0;
    %load/vec4 v0x5644da989780_0;
    %pad/s 34;
    %subi 15, 0, 34;
    %part/s 16;
    %load/vec4 v0x5644da989340_0;
    %load/vec4 v0x5644da9894e0_0;
    %pad/s 34;
    %subi 15, 0, 34;
    %part/s 16;
    %vpi_call 3 87 "$display", "DST: %-d SRC: %-d SRC2: %-d", S<2,vec4,u16>, S<1,vec4,u16>, S<0,vec4,u16> {3 0 0};
T_2.26 ;
T_2.22 ;
    %load/vec4 v0x5644da989180_0;
    %cmpi/e 5, 0, 4;
    %jmp/0xz  T_2.38, 4;
    %load/vec4 v0x5644da988a80_0;
    %parti/s 1, 5, 4;
    %cmpi/e 1, 0, 1;
    %jmp/0xz  T_2.40, 4;
    %load/vec4 v0x5644da988a80_0;
    %parti/s 5, 0, 2;
    %store/vec4 v0x5644da988ee0_0, 0, 5;
    %vpi_call 3 95 "$display", "AND r%-d r%-d #%-d", v0x5644da988b60_0, v0x5644da9895c0_0, v0x5644da988ee0_0 {0 0 0};
    %load/vec4 v0x5644da989340_0;
    %load/vec4 v0x5644da988c40_0;
    %pad/s 34;
    %subi 15, 0, 34;
    %part/s 16;
    %load/vec4 v0x5644da989340_0;
    %load/vec4 v0x5644da989780_0;
    %pad/s 34;
    %subi 15, 0, 34;
    %part/s 16;
    %vpi_call 3 96 "$display", "DST: %-d SRC: %-d", S<1,vec4,u16>, S<0,vec4,u16> {2 0 0};
    %load/vec4 v0x5644da989340_0;
    %load/vec4 v0x5644da989780_0;
    %pad/s 34;
    %subi 15, 0, 34;
    %part/s 16;
    %load/vec4 v0x5644da988ee0_0;
    %pad/u 16;
    %and;
    %load/vec4 v0x5644da988c40_0;
    %pad/s 34;
    %subi 15, 0, 34;
    %ix/vec4/s 4;
    %store/vec4 v0x5644da989340_0, 4, 16;
    %load/vec4 v0x5644da989340_0;
    %load/vec4 v0x5644da988c40_0;
    %pad/s 34;
    %subi 15, 0, 34;
    %part/s 16;
    %load/vec4 v0x5644da989340_0;
    %load/vec4 v0x5644da989780_0;
    %pad/s 34;
    %subi 15, 0, 34;
    %part/s 16;
    %load/vec4 v0x5644da989340_0;
    %load/vec4 v0x5644da9894e0_0;
    %pad/s 34;
    %subi 15, 0, 34;
    %part/s 16;
    %vpi_call 3 98 "$display", "DST: %-d SRC: %-d SRC2: %-d", S<2,vec4,u16>, S<1,vec4,u16>, S<0,vec4,u16> {3 0 0};
T_2.40 ;
    %load/vec4 v0x5644da988a80_0;
    %parti/s 1, 5, 4;
    %cmpi/ne 1, 0, 1;
    %jmp/0xz  T_2.42, 4;
    %load/vec4 v0x5644da988a80_0;
    %parti/s 3, 0, 2;
    %store/vec4 v0x5644da9896a0_0, 0, 3;
    %load/vec4 v0x5644da9896a0_0;
    %dup/vec4;
    %pushi/vec4 0, 0, 3;
    %cmp/u;
    %jmp/1 T_2.44, 6;
    %dup/vec4;
    %pushi/vec4 1, 0, 3;
    %cmp/u;
    %jmp/1 T_2.45, 6;
    %dup/vec4;
    %pushi/vec4 2, 0, 3;
    %cmp/u;
    %jmp/1 T_2.46, 6;
    %dup/vec4;
    %pushi/vec4 3, 0, 3;
    %cmp/u;
    %jmp/1 T_2.47, 6;
    %dup/vec4;
    %pushi/vec4 4, 0, 3;
    %cmp/u;
    %jmp/1 T_2.48, 6;
    %dup/vec4;
    %pushi/vec4 5, 0, 3;
    %cmp/u;
    %jmp/1 T_2.49, 6;
    %dup/vec4;
    %pushi/vec4 6, 0, 3;
    %cmp/u;
    %jmp/1 T_2.50, 6;
    %dup/vec4;
    %pushi/vec4 7, 0, 3;
    %cmp/u;
    %jmp/1 T_2.51, 6;
    %pushi/vec4 0, 0, 32;
    %store/vec4 v0x5644da989780_0, 0, 32;
    %jmp T_2.53;
T_2.44 ;
    %pushi/vec4 15, 0, 32;
    %store/vec4 v0x5644da9894e0_0, 0, 32;
    %jmp T_2.53;
T_2.45 ;
    %pushi/vec4 31, 0, 32;
    %store/vec4 v0x5644da9894e0_0, 0, 32;
    %jmp T_2.53;
T_2.46 ;
    %pushi/vec4 47, 0, 32;
    %store/vec4 v0x5644da9894e0_0, 0, 32;
    %jmp T_2.53;
T_2.47 ;
    %pushi/vec4 63, 0, 32;
    %store/vec4 v0x5644da9894e0_0, 0, 32;
    %jmp T_2.53;
T_2.48 ;
    %pushi/vec4 79, 0, 32;
    %store/vec4 v0x5644da9894e0_0, 0, 32;
    %jmp T_2.53;
T_2.49 ;
    %pushi/vec4 95, 0, 32;
    %store/vec4 v0x5644da9894e0_0, 0, 32;
    %jmp T_2.53;
T_2.50 ;
    %pushi/vec4 111, 0, 32;
    %store/vec4 v0x5644da9894e0_0, 0, 32;
    %jmp T_2.53;
T_2.51 ;
    %pushi/vec4 127, 0, 32;
    %store/vec4 v0x5644da9894e0_0, 0, 32;
    %jmp T_2.53;
T_2.53 ;
    %pop/vec4 1;
    %vpi_call 3 114 "$display", "AND r%d r%d r%d", v0x5644da989180_0, v0x5644da988b60_0, v0x5644da9895c0_0, v0x5644da9896a0_0 {0 0 0};
    %load/vec4 v0x5644da989340_0;
    %load/vec4 v0x5644da989780_0;
    %pad/s 34;
    %subi 15, 0, 34;
    %part/s 16;
    %load/vec4 v0x5644da989340_0;
    %load/vec4 v0x5644da9894e0_0;
    %pad/s 34;
    %subi 15, 0, 34;
    %part/s 16;
    %and;
    %load/vec4 v0x5644da988c40_0;
    %pad/s 34;
    %subi 15, 0, 34;
    %ix/vec4/s 4;
    %store/vec4 v0x5644da989340_0, 4, 16;
    %load/vec4 v0x5644da989340_0;
    %load/vec4 v0x5644da988c40_0;
    %pad/s 34;
    %subi 15, 0, 34;
    %part/s 16;
    %load/vec4 v0x5644da989340_0;
    %load/vec4 v0x5644da989780_0;
    %pad/s 34;
    %subi 15, 0, 34;
    %part/s 16;
    %load/vec4 v0x5644da989340_0;
    %load/vec4 v0x5644da989780_0;
    %pad/s 34;
    %subi 15, 0, 34;
    %part/s 16;
    %vpi_call 3 116 "$display", "DST: %-d SRC: %-d SRC2: %-d", S<2,vec4,u16>, S<1,vec4,u16>, S<0,vec4,u16> {3 0 0};
T_2.42 ;
T_2.38 ;
    %load/vec4 v0x5644da989180_0;
    %cmpi/e 9, 0, 4;
    %jmp/0xz  T_2.54, 4;
    %load/vec4 v0x5644da989340_0;
    %load/vec4 v0x5644da989780_0;
    %pad/s 34;
    %subi 15, 0, 34;
    %part/s 16;
    %inv;
    %load/vec4 v0x5644da988c40_0;
    %pad/s 34;
    %subi 15, 0, 34;
    %ix/vec4/s 4;
    %store/vec4 v0x5644da989340_0, 4, 16;
T_2.54 ;
    %load/vec4 v0x5644da989260_0;
    %addi 1, 0, 32;
    %store/vec4 v0x5644da989260_0, 0, 32;
    %load/vec4 v0x5644da988d20_0;
    %addi 16, 0, 32;
    %store/vec4 v0x5644da988d20_0, 0, 32;
    %jmp T_2;
    .thread T_2;
    .scope S_0x5644da945600;
T_3 ;
    %pushi/vec4 0, 0, 4;
    %store/vec4 v0x5644da989ae0_0, 0, 4;
    %pushi/vec4 0, 0, 32;
    %store/vec4 v0x5644da989ba0_0, 0, 32;
    %end;
    .thread T_3;
    .scope S_0x5644da945600;
T_4 ;
    %pushi/vec4 0, 0, 1;
    %store/vec4 v0x5644da989a40_0, 0, 1;
    %pushi/vec4 12288, 0, 16;
    %ix/load 4, 0, 0;
    %flag_set/imm 4, 0;
    %store/vec4 v0x5644da989c60_0, 4, 16;
    %pushi/vec4 6442, 0, 16;
    %ix/load 4, 16, 0;
    %flag_set/imm 4, 0;
    %store/vec4 v0x5644da989c60_0, 4, 16;
    %pushi/vec4 61477, 0, 16;
    %ix/load 4, 32, 0;
    %flag_set/imm 4, 0;
    %store/vec4 v0x5644da989c60_0, 4, 16;
    %vpi_call 2 21 "$readmemb", "add.bin", v0x5644da989d40 {0 0 0};
    %ix/load 4, 4, 0;
    %flag_set/imm 4, 0;
    %load/vec4a v0x5644da989d40, 4;
    %ix/load 4, 3, 0;
    %flag_set/imm 4, 0;
    %load/vec4a v0x5644da989d40, 4;
    %concat/vec4; draw_concat_vec4
    %ix/load 4, 2, 0;
    %flag_set/imm 4, 0;
    %load/vec4a v0x5644da989d40, 4;
    %concat/vec4; draw_concat_vec4
    %ix/load 4, 1, 0;
    %flag_set/imm 4, 0;
    %load/vec4a v0x5644da989d40, 4;
    %concat/vec4; draw_concat_vec4
    %ix/load 4, 0, 0;
    %flag_set/imm 4, 0;
    %load/vec4a v0x5644da989d40, 4;
    %concat/vec4; draw_concat_vec4
    %vpi_call 2 22 "$display", "%b", S<0,vec4,u80> {1 0 0};
    %end;
    .thread T_4;
    .scope S_0x5644da945600;
T_5 ;
    %fork t_1, S_0x5644da9898c0;
    %jmp t_0;
    .scope S_0x5644da9898c0;
t_1 ;
    %load/vec4 v0x5644da989ae0_0;
    %pad/u 32;
    %cmpi/u 10, 0, 32;
    %flag_or 5, 4;
    %jmp/0xz  T_5.0, 5;
    %load/vec4 v0x5644da989ae0_0;
    %addi 1, 0, 4;
    %store/vec4 v0x5644da989ae0_0, 0, 4;
    %delay 5, 0;
    %load/vec4 v0x5644da989a40_0;
    %inv;
    %store/vec4 v0x5644da989a40_0, 0, 1;
T_5.0 ;
    %end;
    .scope S_0x5644da945600;
t_0 %join;
    %jmp T_5;
    .thread T_5;
# The file index is used to find the file name in the following table.
:file_names 4;
    "N/A";
    "<interactive>";
    "cpu_tb.v";
    "cpu.v";
